
The following have been reloaded with a version change:
  1) python/3.7.7 => python/3.8.10


The following have been reloaded with a version change:
  1) python/3.8.10 => python/3.7.7

Processing subject: sub-0001
Processing subject: sub-0002
Done!
Processing subject: sub-0001
Processing metric: FCD_var
NaN values for FCD_var: {(0.05, 1.99): 1}
Processing metric: FCD_KS
NaN values for FCD_KS: {}
Processing metric: FC_corr
NaN values for FC_corr: {(0.05, 1.99): 1}
Processing metric: FCDvar_diff
NaN values for FCDvar_diff: {(0.05, 1.99): 1}
Processing subject: sub-0002
Processing metric: FCD_var
NaN values for FCD_var: {(0.04, 2.02): 1, (0.05, 1.95): 1, (0.045, 1.96): 1, (0.045, 1.99): 1, (0.05, 1.97): 1}
Processing metric: FCD_KS
NaN values for FCD_KS: {(0.045, 1.96): 1, (0.045, 1.99): 1, (0.05, 1.97): 1}
Processing metric: FC_corr
NaN values for FC_corr: {(0.04, 2.02): 1, (0.05, 1.95): 1, (0.045, 1.96): 1, (0.045, 1.99): 1, (0.05, 1.97): 1}
Processing metric: FCDvar_diff
NaN values for FCDvar_diff: {(0.04, 2.02): 1, (0.05, 1.95): 1, (0.045, 1.96): 1, (0.045, 1.99): 1, (0.05, 1.97): 1}
Done!
