
The following have been reloaded with a version change:
  1) ipykernel/2020b => ipykernel/2023b
  2) python/3.7.7 => python/3.10.2
  3) scipy-stack/2020b => scipy-stack/2023b

/home/jneudorf/TVB/virtual_aging_brain/env/lib/python3.7/site-packages/tvb/datatypes/surfaces.py:63: UserWarning: Geodesic distance module is unavailable; some functionality for surfaces will be unavailable.
  warnings.warn(msg)
tavg_to_bold step
/home/jneudorf/TVB/virtual_ageing/showcase1_ageing/simulation.py:283: VisibleDeprecationWarning: Creating an ndarray from ragged nested sequences (which is a list-or-tuple of lists-or-tuples-or ndarrays with different lengths or shapes) is deprecated. If you meant to do this, you must specify 'dtype=object' when creating the ndarray.
  return numpy.array([k1, k2, k3])
Completed: subject=sub-0001 noise=0.0433333332 G=1.99 dt=0.005, Result=[0.007688126624648238, 411.4798367023468]
/home/jneudorf/TVB/virtual_aging_brain/env/lib/python3.7/site-packages/tvb/datatypes/surfaces.py:63: UserWarning: Geodesic distance module is unavailable; some functionality for surfaces will be unavailable.
  warnings.warn(msg)
tavg_to_bold step
/home/jneudorf/TVB/virtual_ageing/showcase1_ageing/simulation.py:283: VisibleDeprecationWarning: Creating an ndarray from ragged nested sequences (which is a list-or-tuple of lists-or-tuples-or ndarrays with different lengths or shapes) is deprecated. If you meant to do this, you must specify 'dtype=object' when creating the ndarray.
  return numpy.array([k1, k2, k3])
Completed: subject=sub-0001 noise=0.0433333332 G=1.99375 dt=0.005, Result=[0.009111257194123612, 417.0586488246918]
/home/jneudorf/TVB/virtual_aging_brain/env/lib/python3.7/site-packages/tvb/datatypes/surfaces.py:63: UserWarning: Geodesic distance module is unavailable; some functionality for surfaces will be unavailable.
  warnings.warn(msg)
tavg_to_bold step
/home/jneudorf/TVB/virtual_ageing/showcase1_ageing/simulation.py:283: VisibleDeprecationWarning: Creating an ndarray from ragged nested sequences (which is a list-or-tuple of lists-or-tuples-or ndarrays with different lengths or shapes) is deprecated. If you meant to do this, you must specify 'dtype=object' when creating the ndarray.
  return numpy.array([k1, k2, k3])
Completed: subject=sub-0001 noise=0.0433333332 G=1.9975 dt=0.005, Result=[0.007347666836449267, 408.424054145813]
/home/jneudorf/TVB/virtual_aging_brain/env/lib/python3.7/site-packages/tvb/datatypes/surfaces.py:63: UserWarning: Geodesic distance module is unavailable; some functionality for surfaces will be unavailable.
  warnings.warn(msg)
tavg_to_bold step
/home/jneudorf/TVB/virtual_ageing/showcase1_ageing/simulation.py:283: VisibleDeprecationWarning: Creating an ndarray from ragged nested sequences (which is a list-or-tuple of lists-or-tuples-or ndarrays with different lengths or shapes) is deprecated. If you meant to do this, you must specify 'dtype=object' when creating the ndarray.
  return numpy.array([k1, k2, k3])
Completed: subject=sub-0001 noise=0.0433333332 G=2.00125 dt=0.005, Result=[0.006467668474067933, 408.44185996055603]
/home/jneudorf/TVB/virtual_aging_brain/env/lib/python3.7/site-packages/tvb/datatypes/surfaces.py:63: UserWarning: Geodesic distance module is unavailable; some functionality for surfaces will be unavailable.
  warnings.warn(msg)
tavg_to_bold step
/home/jneudorf/TVB/virtual_ageing/showcase1_ageing/simulation.py:283: VisibleDeprecationWarning: Creating an ndarray from ragged nested sequences (which is a list-or-tuple of lists-or-tuples-or ndarrays with different lengths or shapes) is deprecated. If you meant to do this, you must specify 'dtype=object' when creating the ndarray.
  return numpy.array([k1, k2, k3])
Completed: subject=sub-0001 noise=0.0433333332 G=2.005 dt=0.005, Result=[0.009998413393588581, 408.50831627845764]
/home/jneudorf/TVB/virtual_aging_brain/env/lib/python3.7/site-packages/tvb/datatypes/surfaces.py:63: UserWarning: Geodesic distance module is unavailable; some functionality for surfaces will be unavailable.
  warnings.warn(msg)
tavg_to_bold step
/home/jneudorf/TVB/virtual_ageing/showcase1_ageing/simulation.py:283: VisibleDeprecationWarning: Creating an ndarray from ragged nested sequences (which is a list-or-tuple of lists-or-tuples-or ndarrays with different lengths or shapes) is deprecated. If you meant to do this, you must specify 'dtype=object' when creating the ndarray.
  return numpy.array([k1, k2, k3])
Completed: subject=sub-0001 noise=0.0433333332 G=2.00875 dt=0.005, Result=[0.009909693860453837, 411.946772813797]
/home/jneudorf/TVB/virtual_aging_brain/env/lib/python3.7/site-packages/tvb/datatypes/surfaces.py:63: UserWarning: Geodesic distance module is unavailable; some functionality for surfaces will be unavailable.
  warnings.warn(msg)
tavg_to_bold step
/home/jneudorf/TVB/virtual_ageing/showcase1_ageing/simulation.py:283: VisibleDeprecationWarning: Creating an ndarray from ragged nested sequences (which is a list-or-tuple of lists-or-tuples-or ndarrays with different lengths or shapes) is deprecated. If you meant to do this, you must specify 'dtype=object' when creating the ndarray.
  return numpy.array([k1, k2, k3])
Completed: subject=sub-0001 noise=0.0433333332 G=2.0125 dt=0.005, Result=[0.006641923074508203, 414.0349552631378]
/home/jneudorf/TVB/virtual_aging_brain/env/lib/python3.7/site-packages/tvb/datatypes/surfaces.py:63: UserWarning: Geodesic distance module is unavailable; some functionality for surfaces will be unavailable.
  warnings.warn(msg)
tavg_to_bold step
/home/jneudorf/TVB/virtual_ageing/showcase1_ageing/simulation.py:283: VisibleDeprecationWarning: Creating an ndarray from ragged nested sequences (which is a list-or-tuple of lists-or-tuples-or ndarrays with different lengths or shapes) is deprecated. If you meant to do this, you must specify 'dtype=object' when creating the ndarray.
  return numpy.array([k1, k2, k3])
Completed: subject=sub-0001 noise=0.0433333332 G=2.01625 dt=0.005, Result=[0.006635633410312508, 415.112012386322]
/home/jneudorf/TVB/virtual_aging_brain/env/lib/python3.7/site-packages/tvb/datatypes/surfaces.py:63: UserWarning: Geodesic distance module is unavailable; some functionality for surfaces will be unavailable.
  warnings.warn(msg)
tavg_to_bold step
/home/jneudorf/TVB/virtual_ageing/showcase1_ageing/simulation.py:283: VisibleDeprecationWarning: Creating an ndarray from ragged nested sequences (which is a list-or-tuple of lists-or-tuples-or ndarrays with different lengths or shapes) is deprecated. If you meant to do this, you must specify 'dtype=object' when creating the ndarray.
  return numpy.array([k1, k2, k3])
Completed: subject=sub-0001 noise=0.0433333332 G=2.02 dt=0.005, Result=[0.007988916371091918, 416.85822343826294]
/home/jneudorf/TVB/virtual_aging_brain/env/lib/python3.7/site-packages/tvb/datatypes/surfaces.py:63: UserWarning: Geodesic distance module is unavailable; some functionality for surfaces will be unavailable.
  warnings.warn(msg)
tavg_to_bold step
/home/jneudorf/TVB/virtual_ageing/showcase1_ageing/simulation.py:283: VisibleDeprecationWarning: Creating an ndarray from ragged nested sequences (which is a list-or-tuple of lists-or-tuples-or ndarrays with different lengths or shapes) is deprecated. If you meant to do this, you must specify 'dtype=object' when creating the ndarray.
  return numpy.array([k1, k2, k3])
Completed: subject=sub-0001 noise=0.0433333332 G=2.02375 dt=0.005, Result=[0.010687773191213383, 412.4114763736725]
/home/jneudorf/TVB/virtual_aging_brain/env/lib/python3.7/site-packages/tvb/datatypes/surfaces.py:63: UserWarning: Geodesic distance module is unavailable; some functionality for surfaces will be unavailable.
  warnings.warn(msg)
tavg_to_bold step
/home/jneudorf/TVB/virtual_ageing/showcase1_ageing/simulation.py:283: VisibleDeprecationWarning: Creating an ndarray from ragged nested sequences (which is a list-or-tuple of lists-or-tuples-or ndarrays with different lengths or shapes) is deprecated. If you meant to do this, you must specify 'dtype=object' when creating the ndarray.
  return numpy.array([k1, k2, k3])
Completed: subject=sub-0001 noise=0.0433333332 G=2.0275 dt=0.005, Result=[0.011709327991687703, 414.89149737358093]
/home/jneudorf/TVB/virtual_aging_brain/env/lib/python3.7/site-packages/tvb/datatypes/surfaces.py:63: UserWarning: Geodesic distance module is unavailable; some functionality for surfaces will be unavailable.
  warnings.warn(msg)
tavg_to_bold step
/home/jneudorf/TVB/virtual_ageing/showcase1_ageing/simulation.py:283: VisibleDeprecationWarning: Creating an ndarray from ragged nested sequences (which is a list-or-tuple of lists-or-tuples-or ndarrays with different lengths or shapes) is deprecated. If you meant to do this, you must specify 'dtype=object' when creating the ndarray.
  return numpy.array([k1, k2, k3])
Completed: subject=sub-0001 noise=0.0433333332 G=2.03125 dt=0.005, Result=[0.007085119294985623, 417.11595273017883]
/home/jneudorf/TVB/virtual_aging_brain/env/lib/python3.7/site-packages/tvb/datatypes/surfaces.py:63: UserWarning: Geodesic distance module is unavailable; some functionality for surfaces will be unavailable.
  warnings.warn(msg)
tavg_to_bold step
/home/jneudorf/TVB/virtual_ageing/showcase1_ageing/simulation.py:283: VisibleDeprecationWarning: Creating an ndarray from ragged nested sequences (which is a list-or-tuple of lists-or-tuples-or ndarrays with different lengths or shapes) is deprecated. If you meant to do this, you must specify 'dtype=object' when creating the ndarray.
  return numpy.array([k1, k2, k3])
Completed: subject=sub-0001 noise=0.0433333332 G=2.035 dt=0.005, Result=[0.005784223195806645, 412.0187568664551]
/home/jneudorf/TVB/virtual_aging_brain/env/lib/python3.7/site-packages/tvb/datatypes/surfaces.py:63: UserWarning: Geodesic distance module is unavailable; some functionality for surfaces will be unavailable.
  warnings.warn(msg)
tavg_to_bold step
/home/jneudorf/TVB/virtual_ageing/showcase1_ageing/simulation.py:283: VisibleDeprecationWarning: Creating an ndarray from ragged nested sequences (which is a list-or-tuple of lists-or-tuples-or ndarrays with different lengths or shapes) is deprecated. If you meant to do this, you must specify 'dtype=object' when creating the ndarray.
  return numpy.array([k1, k2, k3])
Completed: subject=sub-0001 noise=0.0433333332 G=2.03875 dt=0.005, Result=[0.007010712139262007, 413.03169536590576]
/home/jneudorf/TVB/virtual_aging_brain/env/lib/python3.7/site-packages/tvb/datatypes/surfaces.py:63: UserWarning: Geodesic distance module is unavailable; some functionality for surfaces will be unavailable.
  warnings.warn(msg)
tavg_to_bold step
/home/jneudorf/TVB/virtual_ageing/showcase1_ageing/simulation.py:283: VisibleDeprecationWarning: Creating an ndarray from ragged nested sequences (which is a list-or-tuple of lists-or-tuples-or ndarrays with different lengths or shapes) is deprecated. If you meant to do this, you must specify 'dtype=object' when creating the ndarray.
  return numpy.array([k1, k2, k3])
Completed: subject=sub-0001 noise=0.0433333332 G=2.0425 dt=0.005, Result=[0.013317628821458333, 410.77060890197754]
