
The following have been reloaded with a version change:
  1) python/3.7.7 => python/3.8.10


The following have been reloaded with a version change:
  1) python/3.8.10 => python/3.7.7

/home/jneudorf/TVB/virtual_aging_brain/env/lib/python3.7/site-packages/tvb/datatypes/surfaces.py:63: UserWarning: Geodesic distance module is unavailable; some functionality for surfaces will be unavailable.
  warnings.warn(msg)
tavg_to_bold step
simFCDvar step
get empFUNC
fcd_ks step: 0.36240257995162584
compute_simFC step
fc corr step: 0.09881044696791177
fcdvar_diff step: 0.029724995997160775
/home/jneudorf/TVB/virtual_ageing/showcase1_ageing/simulation.py:283: VisibleDeprecationWarning: Creating an ndarray from ragged nested sequences (which is a list-or-tuple of lists-or-tuples-or ndarrays with different lengths or shapes) is deprecated. If you meant to do this, you must specify 'dtype=object' when creating the ndarray.
  return numpy.array([k1, k2, k3])
Completed: subject=sub-0002 noise=0.025 G=1.72 dt=0.005, Result=[7.253130806065183e-05, 0.36240257995162584, 0.09881044696791177, 0.029724995997160775, 412.0472958087921]
/home/jneudorf/TVB/virtual_aging_brain/env/lib/python3.7/site-packages/tvb/datatypes/surfaces.py:63: UserWarning: Geodesic distance module is unavailable; some functionality for surfaces will be unavailable.
  warnings.warn(msg)
tavg_to_bold step
simFCDvar step
get empFUNC
fcd_ks step: 0.36267132491265797
compute_simFC step
fc corr step: 0.08193806286352111
fcdvar_diff step: 0.029732994334526017
/home/jneudorf/TVB/virtual_ageing/showcase1_ageing/simulation.py:283: VisibleDeprecationWarning: Creating an ndarray from ragged nested sequences (which is a list-or-tuple of lists-or-tuples-or ndarrays with different lengths or shapes) is deprecated. If you meant to do this, you must specify 'dtype=object' when creating the ndarray.
  return numpy.array([k1, k2, k3])
Completed: subject=sub-0002 noise=0.025 G=1.73 dt=0.005, Result=[6.453297069541028e-05, 0.36267132491265797, 0.08193806286352111, 0.029732994334526017, 412.2981252670288]
/home/jneudorf/TVB/virtual_aging_brain/env/lib/python3.7/site-packages/tvb/datatypes/surfaces.py:63: UserWarning: Geodesic distance module is unavailable; some functionality for surfaces will be unavailable.
  warnings.warn(msg)
tavg_to_bold step
simFCDvar step
get empFUNC
fcd_ks step: 0.3627385111529159
compute_simFC step
fc corr step: 0.09621752715294213
fcdvar_diff step: 0.029727075979254187
/home/jneudorf/TVB/virtual_ageing/showcase1_ageing/simulation.py:283: VisibleDeprecationWarning: Creating an ndarray from ragged nested sequences (which is a list-or-tuple of lists-or-tuples-or ndarrays with different lengths or shapes) is deprecated. If you meant to do this, you must specify 'dtype=object' when creating the ndarray.
  return numpy.array([k1, k2, k3])
Completed: subject=sub-0002 noise=0.025 G=1.74 dt=0.005, Result=[7.045132596723731e-05, 0.3627385111529159, 0.09621752715294213, 0.029727075979254187, 411.6893174648285]
