
The following have been reloaded with a version change:
  1) python/3.7.7 => python/3.8.10


The following have been reloaded with a version change:
  1) python/3.8.10 => python/3.7.7

/home/jneudorf/TVB/virtual_aging_brain/env/lib/python3.7/site-packages/tvb/datatypes/surfaces.py:63: UserWarning: Geodesic distance module is unavailable; some functionality for surfaces will be unavailable.
  warnings.warn(msg)
tavg_to_bold step
simFCDvar step
get empFUNC
fcd_ks step: 0.3113410373555495
compute_simFC step
fc corr step: 0.4755338923626736
fcdvar_diff step: 0.02552759895193134
/home/jneudorf/TVB/virtual_ageing/showcase1_ageing/simulation.py:283: VisibleDeprecationWarning: Creating an ndarray from ragged nested sequences (which is a list-or-tuple of lists-or-tuples-or ndarrays with different lengths or shapes) is deprecated. If you meant to do this, you must specify 'dtype=object' when creating the ndarray.
  return numpy.array([k1, k2, k3])
Completed: subject=sub-0002 noise=0.05 G=1.74 dt=0.005, Result=[0.004269928353290083, 0.3113410373555495, 0.4755338923626736, 0.02552759895193134, 406.77223467826843]
/home/jneudorf/TVB/virtual_aging_brain/env/lib/python3.7/site-packages/tvb/datatypes/surfaces.py:63: UserWarning: Geodesic distance module is unavailable; some functionality for surfaces will be unavailable.
  warnings.warn(msg)
tavg_to_bold step
simFCDvar step
get empFUNC
fcd_ks step: 0.2514109110454179
compute_simFC step
fc corr step: 0.4147405440268994
fcdvar_diff step: 0.02157619816615456
/home/jneudorf/TVB/virtual_ageing/showcase1_ageing/simulation.py:283: VisibleDeprecationWarning: Creating an ndarray from ragged nested sequences (which is a list-or-tuple of lists-or-tuples-or ndarrays with different lengths or shapes) is deprecated. If you meant to do this, you must specify 'dtype=object' when creating the ndarray.
  return numpy.array([k1, k2, k3])
Completed: subject=sub-0002 noise=0.05 G=1.75 dt=0.005, Result=[0.008221329139066865, 0.2514109110454179, 0.4147405440268994, 0.02157619816615456, 407.09503984451294]
/home/jneudorf/TVB/virtual_aging_brain/env/lib/python3.7/site-packages/tvb/datatypes/surfaces.py:63: UserWarning: Geodesic distance module is unavailable; some functionality for surfaces will be unavailable.
  warnings.warn(msg)
tavg_to_bold step
simFCDvar step
get empFUNC
fcd_ks step: 0.2798306906745499
compute_simFC step
fc corr step: 0.3914292984918269
fcdvar_diff step: 0.023106166697053267
/home/jneudorf/TVB/virtual_ageing/showcase1_ageing/simulation.py:283: VisibleDeprecationWarning: Creating an ndarray from ragged nested sequences (which is a list-or-tuple of lists-or-tuples-or ndarrays with different lengths or shapes) is deprecated. If you meant to do this, you must specify 'dtype=object' when creating the ndarray.
  return numpy.array([k1, k2, k3])
Completed: subject=sub-0002 noise=0.05 G=1.76 dt=0.005, Result=[0.006691360608168159, 0.2798306906745499, 0.3914292984918269, 0.023106166697053267, 402.1479821205139]
