
The following have been reloaded with a version change:
  1) python/3.7.7 => python/3.8.10


The following have been reloaded with a version change:
  1) python/3.8.10 => python/3.7.7

/home/jneudorf/TVB/virtual_aging_brain/env/lib/python3.7/site-packages/tvb/datatypes/surfaces.py:63: UserWarning: Geodesic distance module is unavailable; some functionality for surfaces will be unavailable.
  warnings.warn(msg)
tavg_to_bold step
simFCDvar step
get empFUNC
fcd_ks step: 0.2558452029024456
compute_simFC step
fc corr step: 0.45667468696075775
fcdvar_diff step: 0.022316404944856656
/home/jneudorf/TVB/virtual_ageing/showcase1_ageing/simulation.py:283: VisibleDeprecationWarning: Creating an ndarray from ragged nested sequences (which is a list-or-tuple of lists-or-tuples-or ndarrays with different lengths or shapes) is deprecated. If you meant to do this, you must specify 'dtype=object' when creating the ndarray.
  return numpy.array([k1, k2, k3])
Completed: subject=sub-0002 noise=0.025 G=2.02 dt=0.005, Result=[0.007481122360364768, 0.2558452029024456, 0.45667468696075775, 0.022316404944856656, 410.78458619117737]
/home/jneudorf/TVB/virtual_aging_brain/env/lib/python3.7/site-packages/tvb/datatypes/surfaces.py:63: UserWarning: Geodesic distance module is unavailable; some functionality for surfaces will be unavailable.
  warnings.warn(msg)
tavg_to_bold step
simFCDvar step
get empFUNC
fcd_ks step: 0.2622950819672131
compute_simFC step
fc corr step: 0.3275406867389771
fcdvar_diff step: 0.02128232770506542
/home/jneudorf/TVB/virtual_ageing/showcase1_ageing/simulation.py:283: VisibleDeprecationWarning: Creating an ndarray from ragged nested sequences (which is a list-or-tuple of lists-or-tuples-or ndarrays with different lengths or shapes) is deprecated. If you meant to do this, you must specify 'dtype=object' when creating the ndarray.
  return numpy.array([k1, k2, k3])
Completed: subject=sub-0002 noise=0.025 G=2.03 dt=0.005, Result=[0.008515199600156006, 0.2622950819672131, 0.3275406867389771, 0.02128232770506542, 409.3582935333252]
/home/jneudorf/TVB/virtual_aging_brain/env/lib/python3.7/site-packages/tvb/datatypes/surfaces.py:63: UserWarning: Geodesic distance module is unavailable; some functionality for surfaces will be unavailable.
  warnings.warn(msg)
tavg_to_bold step
simFCDvar step
get empFUNC
fcd_ks step: 0.31651437785541525
compute_simFC step
fc corr step: 0.39050003359198354
fcdvar_diff step: 0.02523490310963844
/home/jneudorf/TVB/virtual_ageing/showcase1_ageing/simulation.py:283: VisibleDeprecationWarning: Creating an ndarray from ragged nested sequences (which is a list-or-tuple of lists-or-tuples-or ndarrays with different lengths or shapes) is deprecated. If you meant to do this, you must specify 'dtype=object' when creating the ndarray.
  return numpy.array([k1, k2, k3])
Completed: subject=sub-0002 noise=0.025 G=2.04 dt=0.005, Result=[0.004562624195582987, 0.31651437785541525, 0.39050003359198354, 0.02523490310963844, 410.13019275665283]
