
The following have been reloaded with a version change:
  1) python/3.7.7 => python/3.8.10


The following have been reloaded with a version change:
  1) python/3.8.10 => python/3.7.7

/home/jneudorf/TVB/virtual_aging_brain/env/lib/python3.7/site-packages/tvb/datatypes/surfaces.py:63: UserWarning: Geodesic distance module is unavailable; some functionality for surfaces will be unavailable.
  warnings.warn(msg)
tavg_to_bold step
simFCDvar step
get empFUNC
fcd_ks step: 0.318328406342381
compute_simFC step
fc corr step: 0.3600427867235208
fcdvar_diff step: 0.02594915039200729
/home/jneudorf/TVB/virtual_ageing/showcase1_ageing/simulation.py:283: VisibleDeprecationWarning: Creating an ndarray from ragged nested sequences (which is a list-or-tuple of lists-or-tuples-or ndarrays with different lengths or shapes) is deprecated. If you meant to do this, you must specify 'dtype=object' when creating the ndarray.
  return numpy.array([k1, k2, k3])
Completed: subject=sub-0002 noise=0.045 G=1.73 dt=0.005, Result=[0.0038483769132141377, 0.318328406342381, 0.3600427867235208, 0.02594915039200729, 407.7265236377716]
/home/jneudorf/TVB/virtual_aging_brain/env/lib/python3.7/site-packages/tvb/datatypes/surfaces.py:63: UserWarning: Geodesic distance module is unavailable; some functionality for surfaces will be unavailable.
  warnings.warn(msg)
tavg_to_bold step
simFCDvar step
get empFUNC
fcd_ks step: 0.30623488309594205
compute_simFC step
fc corr step: 0.39791977716434995
fcdvar_diff step: 0.024647975801133794
/home/jneudorf/TVB/virtual_ageing/showcase1_ageing/simulation.py:283: VisibleDeprecationWarning: Creating an ndarray from ragged nested sequences (which is a list-or-tuple of lists-or-tuples-or ndarrays with different lengths or shapes) is deprecated. If you meant to do this, you must specify 'dtype=object' when creating the ndarray.
  return numpy.array([k1, k2, k3])
Completed: subject=sub-0002 noise=0.045 G=1.74 dt=0.005, Result=[0.005149551504087633, 0.30623488309594205, 0.39791977716434995, 0.024647975801133794, 409.60008811950684]
/home/jneudorf/TVB/virtual_aging_brain/env/lib/python3.7/site-packages/tvb/datatypes/surfaces.py:63: UserWarning: Geodesic distance module is unavailable; some functionality for surfaces will be unavailable.
  warnings.warn(msg)
tavg_to_bold step
simFCDvar step
get empFUNC
fcd_ks step: 0.3068395592582639
compute_simFC step
fc corr step: 0.35892405571609876
fcdvar_diff step: 0.025243524174553757
/home/jneudorf/TVB/virtual_ageing/showcase1_ageing/simulation.py:283: VisibleDeprecationWarning: Creating an ndarray from ragged nested sequences (which is a list-or-tuple of lists-or-tuples-or ndarrays with different lengths or shapes) is deprecated. If you meant to do this, you must specify 'dtype=object' when creating the ndarray.
  return numpy.array([k1, k2, k3])
Completed: subject=sub-0002 noise=0.045 G=1.75 dt=0.005, Result=[0.004554003130667668, 0.3068395592582639, 0.35892405571609876, 0.025243524174553757, 410.58893394470215]
