
The following have been reloaded with a version change:
  1) ipykernel/2020b => ipykernel/2023b
  2) python/3.7.7 => python/3.10.2
  3) scipy-stack/2020b => scipy-stack/2023b

/home/jneudorf/TVB/virtual_aging_brain/env/lib/python3.7/site-packages/tvb/datatypes/surfaces.py:63: UserWarning: Geodesic distance module is unavailable; some functionality for surfaces will be unavailable.
  warnings.warn(msg)
tavg_to_bold step
/home/jneudorf/TVB/virtual_ageing/showcase1_ageing/simulation.py:283: VisibleDeprecationWarning: Creating an ndarray from ragged nested sequences (which is a list-or-tuple of lists-or-tuples-or ndarrays with different lengths or shapes) is deprecated. If you meant to do this, you must specify 'dtype=object' when creating the ndarray.
  return numpy.array([k1, k2, k3])
Completed: subject=sub-0002 noise=0.045 G=1.7 dt=0.005, Result=[0.0005665348082503612, 83.2358992099762]
/home/jneudorf/TVB/virtual_aging_brain/env/lib/python3.7/site-packages/tvb/datatypes/surfaces.py:63: UserWarning: Geodesic distance module is unavailable; some functionality for surfaces will be unavailable.
  warnings.warn(msg)
tavg_to_bold step
/home/jneudorf/TVB/virtual_ageing/showcase1_ageing/simulation.py:283: VisibleDeprecationWarning: Creating an ndarray from ragged nested sequences (which is a list-or-tuple of lists-or-tuples-or ndarrays with different lengths or shapes) is deprecated. If you meant to do this, you must specify 'dtype=object' when creating the ndarray.
  return numpy.array([k1, k2, k3])
Completed: subject=sub-0002 noise=0.045 G=1.71 dt=0.005, Result=[0.0018248459754483728, 83.45119023323059]
/home/jneudorf/TVB/virtual_aging_brain/env/lib/python3.7/site-packages/tvb/datatypes/surfaces.py:63: UserWarning: Geodesic distance module is unavailable; some functionality for surfaces will be unavailable.
  warnings.warn(msg)
tavg_to_bold step
/home/jneudorf/TVB/virtual_ageing/showcase1_ageing/simulation.py:283: VisibleDeprecationWarning: Creating an ndarray from ragged nested sequences (which is a list-or-tuple of lists-or-tuples-or ndarrays with different lengths or shapes) is deprecated. If you meant to do this, you must specify 'dtype=object' when creating the ndarray.
  return numpy.array([k1, k2, k3])
Completed: subject=sub-0002 noise=0.045 G=1.72 dt=0.005, Result=[0.0004973852983865165, 82.13550877571106]
/home/jneudorf/TVB/virtual_aging_brain/env/lib/python3.7/site-packages/tvb/datatypes/surfaces.py:63: UserWarning: Geodesic distance module is unavailable; some functionality for surfaces will be unavailable.
  warnings.warn(msg)
tavg_to_bold step
/home/jneudorf/TVB/virtual_ageing/showcase1_ageing/simulation.py:283: VisibleDeprecationWarning: Creating an ndarray from ragged nested sequences (which is a list-or-tuple of lists-or-tuples-or ndarrays with different lengths or shapes) is deprecated. If you meant to do this, you must specify 'dtype=object' when creating the ndarray.
  return numpy.array([k1, k2, k3])
Completed: subject=sub-0002 noise=0.045 G=1.73 dt=0.005, Result=[0.0013276835673859677, 83.86441087722778]
/home/jneudorf/TVB/virtual_aging_brain/env/lib/python3.7/site-packages/tvb/datatypes/surfaces.py:63: UserWarning: Geodesic distance module is unavailable; some functionality for surfaces will be unavailable.
  warnings.warn(msg)
tavg_to_bold step
/home/jneudorf/TVB/virtual_ageing/showcase1_ageing/simulation.py:283: VisibleDeprecationWarning: Creating an ndarray from ragged nested sequences (which is a list-or-tuple of lists-or-tuples-or ndarrays with different lengths or shapes) is deprecated. If you meant to do this, you must specify 'dtype=object' when creating the ndarray.
  return numpy.array([k1, k2, k3])
Completed: subject=sub-0002 noise=0.045 G=1.74 dt=0.005, Result=[0.0011355856315031503, 82.53406953811646]
/home/jneudorf/TVB/virtual_aging_brain/env/lib/python3.7/site-packages/tvb/datatypes/surfaces.py:63: UserWarning: Geodesic distance module is unavailable; some functionality for surfaces will be unavailable.
  warnings.warn(msg)
tavg_to_bold step
/home/jneudorf/TVB/virtual_ageing/showcase1_ageing/simulation.py:283: VisibleDeprecationWarning: Creating an ndarray from ragged nested sequences (which is a list-or-tuple of lists-or-tuples-or ndarrays with different lengths or shapes) is deprecated. If you meant to do this, you must specify 'dtype=object' when creating the ndarray.
  return numpy.array([k1, k2, k3])
Completed: subject=sub-0002 noise=0.045 G=1.75 dt=0.005, Result=[0.0007231260122917687, 83.7539849281311]
/home/jneudorf/TVB/virtual_aging_brain/env/lib/python3.7/site-packages/tvb/datatypes/surfaces.py:63: UserWarning: Geodesic distance module is unavailable; some functionality for surfaces will be unavailable.
  warnings.warn(msg)
tavg_to_bold step
/home/jneudorf/TVB/virtual_ageing/showcase1_ageing/simulation.py:283: VisibleDeprecationWarning: Creating an ndarray from ragged nested sequences (which is a list-or-tuple of lists-or-tuples-or ndarrays with different lengths or shapes) is deprecated. If you meant to do this, you must specify 'dtype=object' when creating the ndarray.
  return numpy.array([k1, k2, k3])
Completed: subject=sub-0002 noise=0.045 G=1.76 dt=0.005, Result=[0.0007003439221053695, 82.30577421188354]
/home/jneudorf/TVB/virtual_aging_brain/env/lib/python3.7/site-packages/tvb/datatypes/surfaces.py:63: UserWarning: Geodesic distance module is unavailable; some functionality for surfaces will be unavailable.
  warnings.warn(msg)
tavg_to_bold step
/home/jneudorf/TVB/virtual_ageing/showcase1_ageing/simulation.py:283: VisibleDeprecationWarning: Creating an ndarray from ragged nested sequences (which is a list-or-tuple of lists-or-tuples-or ndarrays with different lengths or shapes) is deprecated. If you meant to do this, you must specify 'dtype=object' when creating the ndarray.
  return numpy.array([k1, k2, k3])
Completed: subject=sub-0002 noise=0.045 G=1.77 dt=0.005, Result=[0.0018110350936405013, 82.50085783004761]
/home/jneudorf/TVB/virtual_aging_brain/env/lib/python3.7/site-packages/tvb/datatypes/surfaces.py:63: UserWarning: Geodesic distance module is unavailable; some functionality for surfaces will be unavailable.
  warnings.warn(msg)
tavg_to_bold step
/home/jneudorf/TVB/virtual_ageing/showcase1_ageing/simulation.py:283: VisibleDeprecationWarning: Creating an ndarray from ragged nested sequences (which is a list-or-tuple of lists-or-tuples-or ndarrays with different lengths or shapes) is deprecated. If you meant to do this, you must specify 'dtype=object' when creating the ndarray.
  return numpy.array([k1, k2, k3])
Completed: subject=sub-0002 noise=0.045 G=1.78 dt=0.005, Result=[0.0006450778494439054, 82.43807721138]
/home/jneudorf/TVB/virtual_aging_brain/env/lib/python3.7/site-packages/tvb/datatypes/surfaces.py:63: UserWarning: Geodesic distance module is unavailable; some functionality for surfaces will be unavailable.
  warnings.warn(msg)
tavg_to_bold step
/home/jneudorf/TVB/virtual_ageing/showcase1_ageing/simulation.py:283: VisibleDeprecationWarning: Creating an ndarray from ragged nested sequences (which is a list-or-tuple of lists-or-tuples-or ndarrays with different lengths or shapes) is deprecated. If you meant to do this, you must specify 'dtype=object' when creating the ndarray.
  return numpy.array([k1, k2, k3])
Completed: subject=sub-0002 noise=0.045 G=1.79 dt=0.005, Result=[0.0007869271233055646, 82.01360511779785]
/home/jneudorf/TVB/virtual_aging_brain/env/lib/python3.7/site-packages/tvb/datatypes/surfaces.py:63: UserWarning: Geodesic distance module is unavailable; some functionality for surfaces will be unavailable.
  warnings.warn(msg)
tavg_to_bold step
/home/jneudorf/TVB/virtual_ageing/showcase1_ageing/simulation.py:283: VisibleDeprecationWarning: Creating an ndarray from ragged nested sequences (which is a list-or-tuple of lists-or-tuples-or ndarrays with different lengths or shapes) is deprecated. If you meant to do this, you must specify 'dtype=object' when creating the ndarray.
  return numpy.array([k1, k2, k3])
Completed: subject=sub-0002 noise=0.045 G=1.8 dt=0.005, Result=[0.0008707571973679267, 83.91651964187622]
/home/jneudorf/TVB/virtual_aging_brain/env/lib/python3.7/site-packages/tvb/datatypes/surfaces.py:63: UserWarning: Geodesic distance module is unavailable; some functionality for surfaces will be unavailable.
  warnings.warn(msg)
tavg_to_bold step
/home/jneudorf/TVB/virtual_ageing/showcase1_ageing/simulation.py:283: VisibleDeprecationWarning: Creating an ndarray from ragged nested sequences (which is a list-or-tuple of lists-or-tuples-or ndarrays with different lengths or shapes) is deprecated. If you meant to do this, you must specify 'dtype=object' when creating the ndarray.
  return numpy.array([k1, k2, k3])
Completed: subject=sub-0002 noise=0.045 G=1.81 dt=0.005, Result=[0.001846835779834301, 83.21829152107239]
/home/jneudorf/TVB/virtual_aging_brain/env/lib/python3.7/site-packages/tvb/datatypes/surfaces.py:63: UserWarning: Geodesic distance module is unavailable; some functionality for surfaces will be unavailable.
  warnings.warn(msg)
tavg_to_bold step
/home/jneudorf/TVB/virtual_ageing/showcase1_ageing/simulation.py:283: VisibleDeprecationWarning: Creating an ndarray from ragged nested sequences (which is a list-or-tuple of lists-or-tuples-or ndarrays with different lengths or shapes) is deprecated. If you meant to do this, you must specify 'dtype=object' when creating the ndarray.
  return numpy.array([k1, k2, k3])
Completed: subject=sub-0002 noise=0.045 G=1.82 dt=0.005, Result=[0.0012686763636694594, 82.96375155448914]
/home/jneudorf/TVB/virtual_aging_brain/env/lib/python3.7/site-packages/tvb/datatypes/surfaces.py:63: UserWarning: Geodesic distance module is unavailable; some functionality for surfaces will be unavailable.
  warnings.warn(msg)
tavg_to_bold step
/home/jneudorf/TVB/virtual_ageing/showcase1_ageing/simulation.py:283: VisibleDeprecationWarning: Creating an ndarray from ragged nested sequences (which is a list-or-tuple of lists-or-tuples-or ndarrays with different lengths or shapes) is deprecated. If you meant to do this, you must specify 'dtype=object' when creating the ndarray.
  return numpy.array([k1, k2, k3])
Completed: subject=sub-0002 noise=0.045 G=1.83 dt=0.005, Result=[0.00138921469717547, 83.82791805267334]
/home/jneudorf/TVB/virtual_aging_brain/env/lib/python3.7/site-packages/tvb/datatypes/surfaces.py:63: UserWarning: Geodesic distance module is unavailable; some functionality for surfaces will be unavailable.
  warnings.warn(msg)
tavg_to_bold step
/home/jneudorf/TVB/virtual_ageing/showcase1_ageing/simulation.py:283: VisibleDeprecationWarning: Creating an ndarray from ragged nested sequences (which is a list-or-tuple of lists-or-tuples-or ndarrays with different lengths or shapes) is deprecated. If you meant to do this, you must specify 'dtype=object' when creating the ndarray.
  return numpy.array([k1, k2, k3])
Completed: subject=sub-0002 noise=0.045 G=1.84 dt=0.005, Result=[0.001721151968917352, 82.91460251808167]
